<?xml version="1.0" encoding="UTF-8"?>
<!-- Generated by org.testng.reporters.JUnitReportReporter -->
<testsuite hostname="Sris-MacBook-Pro.local" name="program9.MaxArrayTest" tests="1" failures="0" timestamp="3 Sep 2015 19:22:13 GMT" time="0.011" errors="0">
  <testcase name="testFindMax" time="0.011" classname="program9.MaxArrayTest"/>
</testsuite> <!-- program9.MaxArrayTest -->
