<?xml version="1.0" encoding="UTF-8"?>
<!-- Generated by org.testng.reporters.JUnitReportReporter -->
<testsuite hostname="Sris-MacBook-Pro.local" name="StringPrint.StrPrintTest" tests="1" failures="0" timestamp="7 Sep 2015 05:06:03 GMT" time="0.009" errors="0">
  <testcase name="printstr" time="0.009" classname="StringPrint.StrPrintTest"/>
</testsuite> <!-- StringPrint.StrPrintTest -->
