<?xml version="1.0" encoding="UTF-8"?>
<!-- Generated by org.testng.reporters.JUnitReportReporter -->
<testsuite hostname="Sris-MacBook-Pro.local" name="collectionsArraylist.ArraylistTest" tests="2" failures="0" timestamp="9 Sep 2015 16:38:41 GMT" time="0.010" errors="0">
  <testcase name="addElement" time="0.010" classname="collectionsArraylist.ArraylistTest"/>
  <testcase name="testSearchList" time="0.000" classname="collectionsArraylist.ArraylistTest"/>
</testsuite> <!-- collectionsArraylist.ArraylistTest -->
