<?xml version="1.0" encoding="UTF-8"?>
<!-- Generated by org.testng.reporters.JUnitReportReporter -->
<testsuite hostname="Sris-MacBook-Pro.local" name="collectionSet.SetCollectionTest" tests="1" failures="0" timestamp="9 Sep 2015 16:45:22 GMT" time="0.011" errors="0">
  <testcase name="findDuplicatesTest" time="0.011" classname="collectionSet.SetCollectionTest"/>
</testsuite> <!-- collectionSet.SetCollectionTest -->
