<?xml version="1.0" encoding="UTF-8"?>
<!-- Generated by org.testng.reporters.JUnitReportReporter -->
<testsuite hostname="Sris-MacBook-Pro.local" name="CountofWords22.CountofWordsTest" tests="1" failures="0" timestamp="8 Sep 2015 02:24:42 GMT" time="0.023" errors="0">
  <testcase name="count" time="0.023" classname="CountofWords22.CountofWordsTest"/>
</testsuite> <!-- CountofWords22.CountofWordsTest -->
