<?xml version="1.0" encoding="UTF-8"?>
<!-- Generated by org.testng.reporters.JUnitReportReporter -->
<testsuite hostname="Sris-MacBook-Pro.local" name="program13.SortArrayTest" tests="1" failures="0" timestamp="4 Sep 2015 17:09:01 GMT" time="0.011" errors="0">
  <testcase name="sortTest" time="0.011" classname="program13.SortArrayTest"/>
</testsuite> <!-- program13.SortArrayTest -->
