<?xml version="1.0" encoding="UTF-8"?>
<!-- Generated by org.testng.reporters.JUnitReportReporter -->
<testsuite hostname="Sris-MacBook-Pro.local" name="program15.MergeArrayTest" tests="1" failures="0" timestamp="4 Sep 2015 16:58:21 GMT" time="0.011" errors="0">
  <testcase name="mergeTest" time="0.011" classname="program15.MergeArrayTest"/>
</testsuite> <!-- program15.MergeArrayTest -->
