<?xml version="1.0" encoding="UTF-8"?>
<!-- Generated by org.testng.reporters.JUnitReportReporter -->
<testsuite hostname="Sris-MacBook-Pro.local" name="WordSearch23.WordSearchTest" tests="1" failures="0" timestamp="8 Sep 2015 03:46:36 GMT" time="0.024" errors="0">
  <testcase name="count" time="0.024" classname="WordSearch23.WordSearchTest"/>
</testsuite> <!-- WordSearch23.WordSearchTest -->
