<?xml version="1.0" encoding="UTF-8"?>
<!-- Generated by org.testng.reporters.JUnitReportReporter -->
<testsuite hostname="Sris-MacBook-Pro.local" name="EqualsFunction.EqualsFunctionTest" tests="2" failures="0" timestamp="7 Sep 2015 06:14:38 GMT" time="0.010" errors="0">
  <testcase name="check" time="0.009" classname="EqualsFunction.EqualsFunctionTest"/>
  <testcase name="hashcode" time="0.001" classname="EqualsFunction.EqualsFunctionTest"/>
</testsuite> <!-- EqualsFunction.EqualsFunctionTest -->
