<?xml version="1.0" encoding="UTF-8"?>
<!-- Generated by org.testng.reporters.JUnitReportReporter -->
<testsuite hostname="Sris-MacBook-Pro.local" name="program11.CommonNumbersInArrayTest" tests="1" failures="0" timestamp="9 Sep 2015 16:08:10 GMT" time="0.010" errors="0">
  <testcase name="common" time="0.010" classname="program11.CommonNumbersInArrayTest"/>
</testsuite> <!-- program11.CommonNumbersInArrayTest -->
