<?xml version="1.0" encoding="UTF-8"?>
<!-- Generated by org.testng.reporters.JUnitReportReporter -->
<testsuite hostname="Sris-MacBook-Pro.local" name="ListFiles.ListFilesTest" tests="1" failures="0" timestamp="8 Sep 2015 19:36:31 GMT" time="0.011" errors="0">
  <testcase name="list" time="0.011" classname="ListFiles.ListFilesTest"/>
</testsuite> <!-- ListFiles.ListFilesTest -->
