<?xml version="1.0" encoding="UTF-8"?>
<!-- Generated by org.testng.reporters.JUnitReportReporter -->
<testsuite hostname="Sris-MacBook-Pro.local" name="program3.SwapTwoNumbersTest" tests="2" failures="0" timestamp="4 Sep 2015 16:44:23 GMT" time="0.010" errors="0">
  <testcase name="swap2test" time="0.010" classname="program3.SwapTwoNumbersTest"/>
  <testcase name="swaptest" time="0.000" classname="program3.SwapTwoNumbersTest"/>
</testsuite> <!-- program3.SwapTwoNumbersTest -->
