<?xml version="1.0" encoding="UTF-8"?>
<!-- Generated by org.testng.reporters.JUnitReportReporter -->
<testsuite hostname="Sris-MacBook-Pro.local" name="program2.NewTest" tests="3" failures="0" timestamp="3 Sep 2015 22:15:38 GMT" time="0.010" errors="0">
  <testcase name="testDivisibleBy5And3" time="0.000" classname="program2.NewTest"/>
  <testcase name="testDivisibleBy3" time="0.010" classname="program2.NewTest"/>
  <testcase name="testDivisibleBy5" time="0.000" classname="program2.NewTest"/>
</testsuite> <!-- program2.NewTest -->
