<?xml version="1.0" encoding="UTF-8"?>
<!-- Generated by org.testng.reporters.JUnitReportReporter -->
<testsuite hostname="Sris-MacBook-Pro.local" name="OopConcepts6.OopNewTest" tests="2" failures="0" timestamp="9 Sep 2015 01:03:34 GMT" time="0.010" errors="0">
  <testcase name="testCalculateArea" time="0.009" classname="OopConcepts6.OopNewTest"/>
  <testcase name="testCalculatePerimeter" time="0.001" classname="OopConcepts6.OopNewTest"/>
</testsuite> <!-- OopConcepts6.OopNewTest -->
