<?xml version="1.0" encoding="UTF-8"?>
<!-- Generated by org.testng.reporters.JUnitReportReporter -->
<testsuite hostname="Sris-MacBook-Pro.local" name="Palindrome.PalindromesTest" tests="2" failures="0" timestamp="7 Sep 2015 05:29:49 GMT" time="0.010" errors="0">
  <testcase name="isPalindrometest" time="0.010" classname="Palindrome.PalindromesTest"/>
  <testcase name="isPalindrometest1" time="0.000" classname="Palindrome.PalindromesTest"/>
</testsuite> <!-- Palindrome.PalindromesTest -->
