<?xml version="1.0" encoding="UTF-8"?>
<!-- Generated by org.testng.reporters.JUnitReportReporter -->
<testsuite hostname="Sris-MacBook-Pro.local" name="ParanthesisCheck.ParanthesisCheckTest" tests="2" failures="0" timestamp="7 Sep 2015 17:41:38 GMT" time="0.011" errors="0">
  <testcase name="isBalancedtest" time="0.010" classname="ParanthesisCheck.ParanthesisCheckTest"/>
  <testcase name="isBalancedtest1" time="0.001" classname="ParanthesisCheck.ParanthesisCheckTest"/>
</testsuite> <!-- ParanthesisCheck.ParanthesisCheckTest -->
