<?xml version="1.0" encoding="UTF-8"?>
<!-- Generated by org.testng.reporters.JUnitReportReporter -->
<testsuite hostname="Sris-MacBook-Pro.local" name="program5.PrimeNumberTest" tests="1" failures="0" timestamp="9 Sep 2015 16:15:08 GMT" time="0.012" errors="0">
  <testcase name="testIsPrime" time="0.012" classname="program5.PrimeNumberTest"/>
</testsuite> <!-- program5.PrimeNumberTest -->
