<?xml version="1.0" encoding="UTF-8"?>
<!-- Generated by org.testng.reporters.JUnitReportReporter -->
<testsuite hostname="Sris-MacBook-Pro.local" name="FindAndReplace.FindAndReplaceStringTest" tests="1" failures="0" timestamp="5 Sep 2015 00:55:28 GMT" time="0.010" errors="0">
  <testcase name="replace" time="0.010" classname="FindAndReplace.FindAndReplaceStringTest"/>
</testsuite> <!-- FindAndReplace.FindAndReplaceStringTest -->
