<?xml version="1.0" encoding="UTF-8"?>
<!-- Generated by org.testng.reporters.JUnitReportReporter -->
<testsuite hostname="Sris-MacBook-Pro.local" name="Reverse.ReverseStringTest" tests="1" failures="0" timestamp="5 Sep 2015 00:27:05 GMT" time="0.012" errors="0">
  <testcase name="reverseTest" time="0.012" classname="Reverse.ReverseStringTest"/>
</testsuite> <!-- Reverse.ReverseStringTest -->
